<?xml version="1.0" encoding="UTF-8"?>
<testng-results ignored="0" total="0" passed="0" failed="0" skipped="0">
  <reporter-output>
  </reporter-output>
  <suite started-at="2021-04-21T15:15:22 CEST" name="com.BaseTest" finished-at="2021-04-21T15:15:22 CEST" duration-ms="20">
    <groups>
    </groups>
    <test started-at="2021-04-21T15:15:22 CEST" name="Command line test" finished-at="2021-04-21T15:15:22 CEST" duration-ms="20">
    </test> <!-- Command line test -->
  </suite> <!-- com.BaseTest -->
</testng-results>
